\BOOKMARK [0][-]{dummy.1}{\376\377\000A\000g\000r\000a\000d\000e\000c\000i\000m\000i\000e\000n\000t\000o\000s}{}% 1
\BOOKMARK [0][-]{dummy.3}{\376\377\000L\000i\000s\000t\000a\000d\000o\000\040\000d\000e\000\040\000f\000i\000g\000u\000r\000a\000s}{}% 2
\BOOKMARK [0][-]{dummy.5}{\376\377\000L\000i\000s\000t\000a\000d\000o\000\040\000d\000e\000\040\000t\000a\000b\000l\000a\000s}{}% 3
\BOOKMARK [0][-]{dummy.7}{\376\377\000A\000b\000r\000e\000v\000i\000a\000c\000i\000o\000n\000e\000s}{}% 4
\BOOKMARK [0][-]{chapter.10}{\376\377\0001\000\040\000I\000n\000t\000r\000o\000d\000u\000c\000c\000i\000\363\000n}{}% 5
\BOOKMARK [0][-]{chapter.11}{\376\377\0002\000\040\000E\000s\000t\000a\000d\000o\000\040\000d\000e\000l\000\040\000a\000r\000t\000e}{}% 6
\BOOKMARK [1][-]{section.12}{\376\377\0002\000.\0001\000\040\000N\000o\000m\000e\000n\000c\000l\000a\000t\000u\000r\000a\000\040\000y\000\040\000d\000e\000f\000i\000n\000i\000c\000i\000o\000n\000e\000s\000\040\000p\000r\000e\000v\000i\000a\000s}{chapter.11}% 7
\BOOKMARK [1][-]{section.13}{\376\377\0002\000.\0002\000\040\000A\000l\000g\000o\000r\000i\000t\000m\000o\000s\000\040\000d\000e\000\040\000b\000\372\000s\000q\000u\000e\000d\000a\000\040\000d\000e\000\040\000u\000n\000\040\000\372\000n\000i\000c\000o\000\040\000p\000a\000t\000r\000\363\000n\000\040\000e\000n\000\040\000u\000n\000\040\000t\000e\000x\000t\000o}{chapter.11}% 8
\BOOKMARK [2][-]{subsection.14}{\376\377\0002\000.\0002\000.\0001\000\040\000A\000l\000g\000o\000r\000i\000t\000m\000o\000\040\000d\000e\000\040\000f\000u\000e\000r\000z\000a\000\040\000b\000r\000u\000t\000a}{section.13}% 9
\BOOKMARK [2][-]{subsection.16}{\376\377\0002\000.\0002\000.\0002\000\040\000K\000n\000u\000t\000h\000\040\000M\000o\000r\000r\000i\000s\000\040\000P\000r\000a\000t\000t\000\040\000\050\000K\000M\000P\000\051}{section.13}% 10
\BOOKMARK [2][-]{subsection.18}{\376\377\0002\000.\0002\000.\0003\000\040\000B\000o\000y\000e\000r\000\040\000M\000o\000o\000r\000e\000\040\000\050\000B\000M\000\051}{section.13}% 11
\BOOKMARK [3][-]{subsubsection.19}{\376\377\0002\000.\0002\000.\0003\000.\0001\000\040\000R\000e\000g\000l\000a\000\040\000d\000e\000l\000\040\000c\000a\000r\000\341\000c\000t\000e\000r\000\040\000m\000a\000l\000o}{subsection.18}% 12
\BOOKMARK [3][-]{subsubsection.24}{\376\377\0002\000.\0002\000.\0003\000.\0002\000\040\000R\000e\000g\000l\000a\000\040\000f\000u\000e\000r\000t\000e\000\040\000d\000e\000l\000\040\000s\000u\000f\000i\000j\000o\000\040\000b\000u\000e\000n\000o}{subsection.18}% 13
\BOOKMARK [1][-]{section.26}{\376\377\0002\000.\0003\000\040\000A\000l\000g\000o\000r\000i\000t\000m\000o\000s\000\040\000d\000e\000\040\000b\000\372\000s\000q\000u\000e\000d\000a\000\040\000e\000x\000a\000c\000t\000a\000\040\000d\000e\000\040\000m\000\372\000l\000t\000i\000p\000l\000e\000s\000\040\000p\000a\000t\000r\000o\000n\000e\000s\000\040\000e\000n\000\040\000u\000n\000\040\000t\000e\000x\000t\000o}{chapter.11}% 14
\BOOKMARK [2][-]{subsection.27}{\376\377\0002\000.\0003\000.\0001\000\040\000\301\000r\000b\000o\000l\000\040\000d\000e\000\040\000p\000r\000e\000f\000i\000j\000o\000s\000\040\000o\000\040\000T\000r\000i\000e}{section.26}% 15
\BOOKMARK [2][-]{subsection.29}{\376\377\0002\000.\0003\000.\0002\000\040\000\301\000r\000b\000o\000l\000\040\000d\000e\000\040\000s\000u\000f\000i\000j\000o\000s}{section.26}% 16
\BOOKMARK [0][-]{chapter.31}{\376\377\0003\000\040\000A\000h\000o\000\040\000C\000o\000r\000a\000s\000i\000c\000k}{}% 17
\BOOKMARK [1][-]{section.33}{\376\377\0003\000.\0001\000\040\000A\000l\000g\000o\000r\000i\000t\000m\000o}{chapter.31}% 18
\BOOKMARK [1][-]{section.38}{\376\377\0003\000.\0002\000\040\000I\000m\000p\000l\000e\000m\000e\000n\000t\000a\000c\000i\000\363\000n}{chapter.31}% 19
\BOOKMARK [0][-]{chapter.121}{\376\377\0004\000\040\000A\000l\000g\000o\000r\000i\000t\000m\000o\000\040\000b\000a\000s\000a\000d\000o\000\040\000e\000n\000\040\000l\000a\000\040\000c\000l\000a\000u\000s\000u\000r\000a\000\040\000F\000S\000M\000\040\000d\000e\000\040\000u\000n\000\040\000\341\000r\000b\000o\000l\000\040\000d\000e\000\040\000p\000a\000t\000r\000o\000n\000e\000s\000\040\000\050\000M\000S\000W\000\051}{}% 20
\BOOKMARK [1][-]{section.122}{\376\377\0004\000.\0001\000\040\000D\000e\000f\000i\000n\000i\000c\000i\000o\000n\000e\000s\000\040\000p\000r\000e\000v\000i\000a\000s}{chapter.121}% 21
\BOOKMARK [2][-]{subsection.123}{\376\377\0004\000.\0001\000.\0001\000\040\000\301\000r\000b\000o\000l\000\040\000G\000C\000T}{section.122}% 22
\BOOKMARK [2][-]{subsection.125}{\376\377\0004\000.\0001\000.\0002\000\040\000D\000e\000s\000c\000o\000m\000p\000o\000s\000i\000c\000i\000\363\000n\000\040\000c\000a\000n\000\363\000n\000i\000c\000a}{section.122}% 23
\BOOKMARK [2][-]{subsection.126}{\376\377\0004\000.\0001\000.\0003\000\040\000\301\000r\000b\000o\000l\000\040\000T\000s\000u\000f}{section.122}% 24
\BOOKMARK [2][-]{subsection.128}{\376\377\0004\000.\0001\000.\0004\000\040\000C\000l\000a\000u\000s\000u\000r\000a\000\040\000F\000S\000M\000\040\000s\000o\000b\000r\000e\000\040\000u\000n\000\040\000\341\000r\000b\000o\000l\000\040\000T}{section.122}% 25
\BOOKMARK [1][-]{section.131}{\376\377\0004\000.\0002\000\040\000A\000l\000g\000o\000r\000i\000t\000m\000o}{chapter.121}% 26
\BOOKMARK [2][-]{subsection.132}{\376\377\0004\000.\0002\000.\0001\000\040\000A\000l\000g\000o\000r\000i\000t\000m\000o\000\040\000d\000e\000\040\000c\000o\000n\000s\000t\000r\000u\000c\000c\000i\000\363\000n\000\040\000d\000e\000\040\000l\000a\000\040\000c\000l\000a\000u\000s\000u\000r\000a\000\040\000F\000S\000M}{section.131}% 27
\BOOKMARK [1][-]{section.137}{\376\377\0004\000.\0003\000\040\000P\000r\000o\000c\000e\000s\000a\000m\000i\000e\000n\000t\000o\000\040\000y\000\040\000p\000o\000s\000t\000\040\000p\000r\000o\000c\000e\000s\000a\000m\000i\000e\000n\000t\000o\000\040\000d\000e\000\040\000t\000e\000x\000t\000o\000\040\000u\000t\000i\000l\000i\000z\000a\000n\000d\000o\000\040\000l\000a\000\040\000c\000l\000a\000u\000s\000u\000r\000a\000\040\000F\000S\000M}{chapter.121}% 28
\BOOKMARK [1][-]{section.139}{\376\377\0004\000.\0004\000\040\000I\000m\000p\000l\000e\000m\000e\000n\000t\000a\000c\000i\000\363\000n}{chapter.121}% 29
\BOOKMARK [2][-]{subsection.140}{\376\377\0004\000.\0004\000.\0001\000\040\000C\000r\000e\000a\000c\000i\000\363\000n\000\040\000d\000e\000\040\000l\000a\000\040\000c\000l\000a\000u\000s\000u\000r\000a\000\040\000F\000S\000M}{section.139}% 30
\BOOKMARK [2][-]{subsection.252}{\376\377\0004\000.\0004\000.\0002\000\040\000P\000r\000o\000c\000e\000s\000a\000m\000i\000e\000n\000t\000o\000\040\000y\000\040\000p\000o\000s\000t\000\040\000p\000r\000o\000c\000e\000s\000a\000m\000i\000e\000n\000t\000o\000\040\000d\000e\000l\000\040\000t\000e\000x\000t\000o}{section.139}% 31
\BOOKMARK [0][-]{chapter.282}{\376\377\0005\000\040\000E\000x\000p\000e\000r\000i\000m\000e\000n\000t\000a\000c\000i\000\363\000n}{}% 32
\BOOKMARK [1][-]{section.283}{\376\377\0005\000.\0001\000\040\000A\000m\000b\000i\000e\000n\000t\000e\000\040\000y\000\040\000c\000r\000e\000a\000c\000i\000\363\000n\000\040\000d\000e\000\040\000p\000r\000u\000e\000b\000a\000s}{chapter.282}% 33
\BOOKMARK [1][-]{section.291}{\376\377\0005\000.\0002\000\040\000M\000e\000d\000i\000d\000a\000s}{chapter.282}% 34
\BOOKMARK [1][-]{section.292}{\376\377\0005\000.\0003\000\040\000P\000r\000e\000\040\000p\000r\000o\000c\000e\000s\000a\000m\000i\000e\000n\000t\000o}{chapter.282}% 35
\BOOKMARK [1][-]{section.298}{\376\377\0005\000.\0004\000\040\000P\000r\000o\000c\000e\000s\000a\000m\000i\000e\000n\000t\000o\000\040\000s\000o\000b\000r\000e\000\040\000t\000e\000x\000t\000o\000s}{chapter.282}% 36
\BOOKMARK [2][-]{subsection.299}{\376\377\0005\000.\0004\000.\0001\000\040\000E\000f\000e\000c\000t\000o\000\040\000d\000e\000l\000\040\000c\000o\000n\000j\000u\000n\000t\000o\000\040\000d\000e\000\040\000p\000a\000t\000r\000o\000n\000e\000s\000\040\000s\000o\000b\000r\000e\000\040\000e\000l\000\040\000t\000i\000e\000m\000p\000o\000\040\000d\000e\000\040\000p\000r\000o\000c\000e\000s\000a\000m\000i\000e\000n\000t\000o\000\040\000d\000e\000\040\000t\000e\000x\000t\000o}{section.298}% 37
\BOOKMARK [2][-]{subsection.325}{\376\377\0005\000.\0004\000.\0002\000\040\000E\000f\000e\000c\000t\000o\000\040\000d\000e\000\040\000l\000o\000s\000\040\000f\000a\000l\000l\000o\000s\000\040\000d\000e\000\040\000m\000e\000m\000o\000r\000i\000a\000\040\000c\000a\000c\000h\000\351\000\040\000e\000n\000\040\000e\000l\000\040\000r\000e\000n\000d\000i\000m\000i\000e\000n\000t\000o\000\040\000d\000e\000\040\000l\000o\000s\000\040\000a\000l\000g\000o\000r\000i\000t\000m\000o\000s}{section.298}% 38
\BOOKMARK [3][-]{subsubsection.329}{\376\377\0005\000.\0004\000.\0002\000.\0001\000\040\000E\000f\000e\000c\000t\000o\000\040\000d\000e\000l\000\040\000l\000a\000r\000g\000o\000\040\000d\000e\000l\000\040\000t\000e\000x\000t\000o\000\040\000s\000o\000b\000r\000e\000\040\000e\000l\000\040\000t\000i\000e\000m\000p\000o\000\040\000d\000e\000\040\000p\000r\000o\000c\000e\000s\000a\000m\000i\000e\000n\000t\000o\000\040\000d\000e\000\040\000t\000e\000x\000t\000o}{subsection.325}% 39
\BOOKMARK [1][-]{section.333}{\376\377\0005\000.\0005\000\040\000T\000i\000e\000m\000p\000o\000\040\000t\000o\000t\000a\000l\000\040\000d\000e\000\040\000e\000j\000e\000c\000u\000c\000i\000\363\000n}{chapter.282}% 40
\BOOKMARK [1][-]{section.337}{\376\377\0005\000.\0006\000\040\000C\000o\000n\000c\000l\000u\000s\000i\000o\000n\000e\000s}{chapter.282}% 41
\BOOKMARK [0][-]{appendix.338}{\376\377\000A\000\040\000P\000r\000o\000g\000r\000a\000m\000a\000\040\000p\000r\000i\000n\000c\000i\000p\000a\000l\000\040\000-\000\040\000P\000D\000G}{}% 42
\BOOKMARK [0][-]{appendix.340}{\376\377\000B\000\040\000A\000s\000p\000e\000c\000t\000o\000s\000\040\000g\000e\000n\000e\000r\000a\000l\000e\000s\000\040\000d\000e\000\040\000l\000a\000\040\000i\000m\000p\000l\000e\000m\000e\000n\000t\000a\000c\000i\000\363\000n}{}% 43
\BOOKMARK [1][-]{section.341}{\376\377\000B\000.\0001\000\040\000L\000e\000c\000t\000u\000r\000a\000\040\000d\000e\000\040\000a\000r\000c\000h\000i\000v\000o\000s}{appendix.340}% 44
\BOOKMARK [0][-]{appendix.342}{\376\377\000C\000\040\000T\000e\000s\000t\000i\000n\000g}{}% 45
\BOOKMARK [0][-]{dummy.343}{\376\377\000B\000i\000b\000l\000i\000o\000g\000r\000a\000f\000\355\000a}{}% 46
